<?xml version="1.0" encoding="UTF-8"?>
<!-- Generated by org.testng.reporters.JUnitXMLReporter -->
<testsuite ignored="2" hostname="whirldata-WDR-L-1019" failures="0" tests="4" name="Test" time="29.813" errors="0" timestamp="2022-08-28T16:35:57 IST">
  <testcase classname="testCases.CreateLead" name="runLogin" time="9.94"/>
  <testcase classname="testCases.CreateLead" name="runLogin" time="10.217"/>
  <testcase classname="testCases.VerifyLoginPage" name="runLogin" time="0.542"/>
  <testcase classname="testCases.VerifyLoginPage" name="runLogin" time="0.545"/>
  <testcase classname="base.ProjectSpecificMethods" name="@AfterSuite stopReport" time="0.0">
    <ignored/>
  </testcase> <!-- @AfterSuite stopReport -->
  <testcase classname="base.ProjectSpecificMethods" name="@BeforeSuite startReport" time="0.0">
    <ignored/>
  </testcase> <!-- @BeforeSuite startReport -->
</testsuite> <!-- Test -->
