<?xml version="1.0" encoding="UTF-8"?>
<testng-results ignored="2" total="6" passed="4" failed="0" skipped="0">
  <reporter-output>
  </reporter-output>
  <suite started-at="2022-08-28T16:35:27 IST" name="Suite" finished-at="2022-08-28T16:35:57 IST" duration-ms="29813">
    <groups>
    </groups>
    <test started-at="2022-08-28T16:35:27 IST" name="Test" finished-at="2022-08-28T16:35:57 IST" duration-ms="29813">
      <class name="testCases.CreateLead">
        <test-method is-config="true" signature="startReport()[pri:0, instance:testCases.CreateLead@1700915]" started-at="2022-08-28T16:35:27 IST" name="startReport" finished-at="2022-08-28T16:35:27 IST" duration-ms="265" status="PASS">
          <reporter-output>
          </reporter-output>
        </test-method> <!-- startReport -->
        <test-method is-config="true" signature="setup()[pri:0, instance:testCases.CreateLead@1700915]" started-at="2022-08-28T16:35:27 IST" name="setup" finished-at="2022-08-28T16:35:27 IST" duration-ms="0" status="PASS">
          <reporter-output>
          </reporter-output>
        </test-method> <!-- setup -->
        <test-method is-config="true" signature="testcaseDetails()[pri:0, instance:testCases.CreateLead@1700915]" started-at="2022-08-28T16:35:27 IST" name="testcaseDetails" finished-at="2022-08-28T16:35:27 IST" duration-ms="13" status="PASS">
          <reporter-output>
          </reporter-output>
        </test-method> <!-- testcaseDetails -->
        <test-method is-config="true" signature="init()[pri:0, instance:testCases.CreateLead@1700915]" started-at="2022-08-28T16:35:28 IST" name="init" finished-at="2022-08-28T16:35:31 IST" duration-ms="3036" status="PASS">
          <reporter-output>
          </reporter-output>
        </test-method> <!-- init -->
        <test-method signature="runLogin(java.lang.String,java.lang.String,java.lang.String,java.lang.String,java.lang.String)[pri:0, instance:testCases.CreateLead@1700915]" started-at="2022-08-28T16:35:31 IST" name="runLogin" data-provider="fetch" finished-at="2022-08-28T16:35:41 IST" duration-ms="9940" status="PASS">
          <params>
            <param index="0">
              <value>
                <![CDATA[Demosalesmanager]]>
              </value>
            </param>
            <param index="1">
              <value>
                <![CDATA[crmsfa]]>
              </value>
            </param>
            <param index="2">
              <value>
                <![CDATA[Kavitha]]>
              </value>
            </param>
            <param index="3">
              <value>
                <![CDATA[S]]>
              </value>
            </param>
            <param index="4">
              <value>
                <![CDATA[TestLeaf]]>
              </value>
            </param>
          </params>
          <reporter-output>
          </reporter-output>
        </test-method> <!-- runLogin -->
        <test-method is-config="true" signature="teardown()[pri:0, instance:testCases.CreateLead@1700915]" started-at="2022-08-28T16:35:41 IST" name="teardown" finished-at="2022-08-28T16:35:42 IST" duration-ms="139" status="PASS">
          <reporter-output>
          </reporter-output>
        </test-method> <!-- teardown -->
        <test-method is-config="true" signature="init()[pri:0, instance:testCases.CreateLead@1700915]" started-at="2022-08-28T16:35:42 IST" name="init" finished-at="2022-08-28T16:35:43 IST" duration-ms="1326" status="PASS">
          <reporter-output>
          </reporter-output>
        </test-method> <!-- init -->
        <test-method signature="runLogin(java.lang.String,java.lang.String,java.lang.String,java.lang.String,java.lang.String)[pri:0, instance:testCases.CreateLead@1700915]" started-at="2022-08-28T16:35:43 IST" name="runLogin" data-provider="fetch" finished-at="2022-08-28T16:35:53 IST" duration-ms="10217" status="PASS">
          <params>
            <param index="0">
              <value>
                <![CDATA[Demosalesmanager]]>
              </value>
            </param>
            <param index="1">
              <value>
                <![CDATA[crmsfa]]>
              </value>
            </param>
            <param index="2">
              <value>
                <![CDATA[Divya]]>
              </value>
            </param>
            <param index="3">
              <value>
                <![CDATA[R]]>
              </value>
            </param>
            <param index="4">
              <value>
                <![CDATA[TestLeaf]]>
              </value>
            </param>
          </params>
          <reporter-output>
          </reporter-output>
        </test-method> <!-- runLogin -->
        <test-method is-config="true" signature="teardown()[pri:0, instance:testCases.CreateLead@1700915]" started-at="2022-08-28T16:35:53 IST" name="teardown" finished-at="2022-08-28T16:35:53 IST" duration-ms="123" status="PASS">
          <reporter-output>
          </reporter-output>
        </test-method> <!-- teardown -->
        <test-method is-config="true" signature="stopReport()[pri:0, instance:testCases.CreateLead@1700915]" started-at="2022-08-28T16:35:57 IST" name="stopReport" finished-at="2022-08-28T16:35:57 IST" duration-ms="325" status="PASS">
          <reporter-output>
          </reporter-output>
        </test-method> <!-- stopReport -->
      </class> <!-- testCases.CreateLead -->
      <class name="testCases.VerifyLoginPage">
        <test-method is-config="true" signature="setup()[pri:0, instance:testCases.VerifyLoginPage@7a69b07]" started-at="2022-08-28T16:35:27 IST" name="setup" finished-at="2022-08-28T16:35:27 IST" duration-ms="1" status="PASS">
          <reporter-output>
          </reporter-output>
        </test-method> <!-- setup -->
        <test-method is-config="true" signature="testcaseDetails()[pri:0, instance:testCases.VerifyLoginPage@7a69b07]" started-at="2022-08-28T16:35:53 IST" name="testcaseDetails" finished-at="2022-08-28T16:35:53 IST" duration-ms="0" status="PASS">
          <reporter-output>
          </reporter-output>
        </test-method> <!-- testcaseDetails -->
        <test-method is-config="true" signature="init()[pri:0, instance:testCases.VerifyLoginPage@7a69b07]" started-at="2022-08-28T16:35:53 IST" name="init" finished-at="2022-08-28T16:35:55 IST" duration-ms="1320" status="PASS">
          <reporter-output>
          </reporter-output>
        </test-method> <!-- init -->
        <test-method signature="runLogin(java.lang.String,java.lang.String)[pri:0, instance:testCases.VerifyLoginPage@7a69b07]" started-at="2022-08-28T16:35:55 IST" name="runLogin" data-provider="fetch" finished-at="2022-08-28T16:35:55 IST" duration-ms="542" status="PASS">
          <params>
            <param index="0">
              <value>
                <![CDATA[Demosalesmanager]]>
              </value>
            </param>
            <param index="1">
              <value>
                <![CDATA[crmsfa]]>
              </value>
            </param>
          </params>
          <reporter-output>
          </reporter-output>
        </test-method> <!-- runLogin -->
        <test-method is-config="true" signature="teardown()[pri:0, instance:testCases.VerifyLoginPage@7a69b07]" started-at="2022-08-28T16:35:55 IST" name="teardown" finished-at="2022-08-28T16:35:55 IST" duration-ms="69" status="PASS">
          <reporter-output>
          </reporter-output>
        </test-method> <!-- teardown -->
        <test-method is-config="true" signature="init()[pri:0, instance:testCases.VerifyLoginPage@7a69b07]" started-at="2022-08-28T16:35:55 IST" name="init" finished-at="2022-08-28T16:35:57 IST" duration-ms="1284" status="PASS">
          <reporter-output>
          </reporter-output>
        </test-method> <!-- init -->
        <test-method signature="runLogin(java.lang.String,java.lang.String)[pri:0, instance:testCases.VerifyLoginPage@7a69b07]" started-at="2022-08-28T16:35:57 IST" name="runLogin" data-provider="fetch" finished-at="2022-08-28T16:35:57 IST" duration-ms="545" status="PASS">
          <params>
            <param index="0">
              <value>
                <![CDATA[DemoCSR]]>
              </value>
            </param>
            <param index="1">
              <value>
                <![CDATA[crmsfa]]>
              </value>
            </param>
          </params>
          <reporter-output>
          </reporter-output>
        </test-method> <!-- runLogin -->
        <test-method is-config="true" signature="teardown()[pri:0, instance:testCases.VerifyLoginPage@7a69b07]" started-at="2022-08-28T16:35:57 IST" name="teardown" finished-at="2022-08-28T16:35:57 IST" duration-ms="67" status="PASS">
          <reporter-output>
          </reporter-output>
        </test-method> <!-- teardown -->
      </class> <!-- testCases.VerifyLoginPage -->
    </test> <!-- Test -->
  </suite> <!-- Suite -->
</testng-results>
